<?xml version="1.0" encoding="UTF-8"?>
<testsuite xmlns:xsi="http://www.w3.org/2001/XMLSchema-instance" xsi:noNamespaceSchemaLocation="https://maven.apache.org/surefire/maven-surefire-plugin/xsd/surefire-test-report-3.0.xsd" version="3.0" name="HomeTest" time="4.913" tests="1" errors="0" skipped="0" failures="0">
  <properties>
[...]
</properties>
  <testcase name="testGetConnection" classname="HomeTest" time="0.214">
    <system-out><![CDATA[connecting
Connected!
SELECT MAGAZZINO.CODMAG AS MAG, CATEGORIA.NOMECAT, PRODOTTO.NOME AS PROD, PRODOTTO.TAGLIA, PRODOTTO.QUANTITA, PRODOTTO.PREZZO, PRODOTTO.BARCODE FROM MAGAZZINO, CATEGORIA, PRODOTTO, MAGCAT WHERE MAGAZZINO.CODMAG = MAGCAT.CODMAG AND CATEGORIA.CODCAT = MAGCAT.CODCAT AND CATEGORIA.CODCAT = PRODOTTO.CODCAT ORDER BY MAGAZZINO.CODMAG 
connecting
Connected!
]]></system-out>
  </testcase>
</testsuite>